2024.01.17 13:55:41 INFO  Started: Metals version 1.2.0 in folders '/Users/wallacekelly/dev/wallacekelly-da/daml-public-demos' for client Visual Studio Code 1.85.1.
2024.01.17 13:55:42 WARN  Build server is not auto-connectable.
2024.01.17 13:55:42 WARN  no build tool detected in workspace '/Users/wallacekelly/dev/wallacekelly-da/daml-public-demos'. The most common cause for this problem is that the editor was opened in the wrong working directory, for example if you use sbt then the workspace directory should contain build.sbt. 
2024.01.17 13:56:11 INFO  scalafmt: excluded /Users/wallacekelly/dev/wallacekelly-da/daml-public-demos/configs/participant1.canton (to format this file, update `project.excludeFilters` in .scalafmt.conf)
2024.01.17 13:56:51 INFO  scalafmt: excluded /Users/wallacekelly/dev/wallacekelly-da/daml-public-demos/configs/participant2.canton (to format this file, update `project.excludeFilters` in .scalafmt.conf)
2024.01.17 13:57:52 INFO  scalafmt: excluded /Users/wallacekelly/dev/wallacekelly-da/daml-public-demos/configs/utils.canton (to format this file, update `project.excludeFilters` in .scalafmt.conf)
Jan 17, 2024 1:59:28 PM org.eclipse.lsp4j.jsonrpc.RemoteEndpoint handleCancellation
WARNING: Unmatched cancel notification for request id 117
2024.01.17 14:04:49 INFO  scalafmt: excluded /Users/wallacekelly/dev/wallacekelly-da/daml-public-demos/configs/utils.canton (to format this file, update `project.excludeFilters` in .scalafmt.conf)
2024.01.17 14:05:56 INFO  scalafmt: excluded /Users/wallacekelly/dev/wallacekelly-da/daml-public-demos/configs/participant2.canton (to format this file, update `project.excludeFilters` in .scalafmt.conf)
Jan 17, 2024 2:05:59 PM org.eclipse.lsp4j.jsonrpc.RemoteEndpoint handleCancellation
WARNING: Unmatched cancel notification for request id 550
2024.01.17 14:06:02 INFO  scalafmt: excluded /Users/wallacekelly/dev/wallacekelly-da/daml-public-demos/configs/participant1.canton (to format this file, update `project.excludeFilters` in .scalafmt.conf)
Jan 17, 2024 2:06:49 PM org.eclipse.lsp4j.jsonrpc.RemoteEndpoint handleCancellation
WARNING: Unmatched cancel notification for request id 582
2024.01.17 14:07:11 INFO  scalafmt: excluded /Users/wallacekelly/dev/wallacekelly-da/daml-public-demos/configs/utils.canton (to format this file, update `project.excludeFilters` in .scalafmt.conf)
Jan 17, 2024 2:12:17 PM org.eclipse.lsp4j.jsonrpc.RemoteEndpoint handleCancellation
WARNING: Unmatched cancel notification for request id 734
Jan 17, 2024 2:12:17 PM org.eclipse.lsp4j.jsonrpc.RemoteEndpoint handleCancellation
WARNING: Unmatched cancel notification for request id 738
Jan 17, 2024 2:12:22 PM org.eclipse.lsp4j.jsonrpc.RemoteEndpoint handleCancellation
WARNING: Unmatched cancel notification for request id 751
Jan 17, 2024 2:12:29 PM org.eclipse.lsp4j.jsonrpc.RemoteEndpoint handleCancellation
WARNING: Unmatched cancel notification for request id 759
2024.01.17 14:12:43 INFO  scalafmt: excluded /Users/wallacekelly/dev/wallacekelly-da/daml-public-demos/configs/participant2.canton (to format this file, update `project.excludeFilters` in .scalafmt.conf)
2024.01.17 14:12:46 INFO  scalafmt: excluded /Users/wallacekelly/dev/wallacekelly-da/daml-public-demos/configs/participant1.canton (to format this file, update `project.excludeFilters` in .scalafmt.conf)
2024.01.17 14:12:48 INFO  scalafmt: excluded /Users/wallacekelly/dev/wallacekelly-da/daml-public-demos/configs/utils.canton (to format this file, update `project.excludeFilters` in .scalafmt.conf)
Jan 17, 2024 2:32:30 PM org.eclipse.lsp4j.jsonrpc.RemoteEndpoint handleCancellation
WARNING: Unmatched cancel notification for request id 851
Jan 17, 2024 2:32:30 PM org.eclipse.lsp4j.jsonrpc.RemoteEndpoint handleCancellation
WARNING: Unmatched cancel notification for request id 853
2024.01.17 14:39:23 INFO  scalafmt: excluded /Users/wallacekelly/dev/wallacekelly-da/daml-public-demos/configs/utils.canton (to format this file, update `project.excludeFilters` in .scalafmt.conf)
2024.01.17 14:41:44 INFO  scalafmt: excluded /Users/wallacekelly/dev/wallacekelly-da/daml-public-demos/configs/utils.canton (to format this file, update `project.excludeFilters` in .scalafmt.conf)
2024.01.17 14:42:01 INFO  scalafmt: excluded /Users/wallacekelly/dev/wallacekelly-da/daml-public-demos/configs/utils.canton (to format this file, update `project.excludeFilters` in .scalafmt.conf)
2024.01.17 14:42:32 INFO  scalafmt: excluded /Users/wallacekelly/dev/wallacekelly-da/daml-public-demos/configs/utils.canton (to format this file, update `project.excludeFilters` in .scalafmt.conf)
2024.01.17 14:43:16 INFO  scalafmt: excluded /Users/wallacekelly/dev/wallacekelly-da/daml-public-demos/configs/utils.canton (to format this file, update `project.excludeFilters` in .scalafmt.conf)
2024.01.17 14:44:12 INFO  scalafmt: excluded /Users/wallacekelly/dev/wallacekelly-da/daml-public-demos/configs/utils.canton (to format this file, update `project.excludeFilters` in .scalafmt.conf)
Jan 17, 2024 2:46:41 PM org.eclipse.lsp4j.jsonrpc.RemoteEndpoint handleCancellation
WARNING: Unmatched cancel notification for request id 1138
Jan 17, 2024 2:47:16 PM org.eclipse.lsp4j.jsonrpc.RemoteEndpoint handleCancellation
WARNING: Unmatched cancel notification for request id 1142
Jan 17, 2024 2:47:21 PM org.eclipse.lsp4j.jsonrpc.RemoteEndpoint handleCancellation
WARNING: Unmatched cancel notification for request id 1154
Jan 17, 2024 2:47:24 PM org.eclipse.lsp4j.jsonrpc.RemoteEndpoint handleCancellation
WARNING: Unmatched cancel notification for request id 1162
Jan 17, 2024 3:22:21 PM org.eclipse.lsp4j.jsonrpc.services.GenericEndpoint notify
INFO: Unsupported notification method: $/setTrace
